
=== Thu Nov 19 23:49:53 2020

Packages were changed.
Update Mode: mergeDefaultDependencies

The following packages were added:
  com.unity.collab-proxy@1.2.16
  com.unity.modules.ai@1.0.0
  com.unity.modules.cloth@1.0.0
  com.unity.modules.director@1.0.0
  com.unity.modules.physics2d@1.0.0
  com.unity.modules.terrain@1.0.0
  com.unity.modules.terrainphysics@1.0.0
  com.unity.modules.tilemap@1.0.0
  com.unity.modules.vehicles@1.0.0
  com.unity.modules.vr@1.0.0
  com.unity.modules.wind@1.0.0
  com.unity.modules.xr@1.0.0
  com.unity.timeline@1.2.17
The following packages were updated:
  com.unity.mobile.android-logcat from version 1.1.1 to 1.2.0
  com.unity.test-framework from version 1.1.16 to 1.1.18

=== Fri May  7 03:48:03 2021

Packages were changed.
Update Mode: updateDependencies

The following packages were added:
  com.unity.ide.visualstudio@2.0.7
The following packages were updated:
  com.unity.collab-proxy from version 1.2.16 to 1.3.9
  com.unity.ide.rider from version 1.1.4 to 2.0.7
  com.unity.ide.vscode from version 1.2.2 to 1.2.3
  com.unity.mobile.android-logcat from version 1.2.0 to 1.2.1
  com.unity.mobile.notifications from version 1.0.3 to 1.3.2
  com.unity.test-framework from version 1.1.18 to 1.1.24
  com.unity.textmeshpro from version 2.1.1 to 3.0.1
  com.unity.timeline from version 1.2.17 to 1.4.7
